14:09:42.149 [TestNG-tests-3] ERROR testCases.TC001_AccountRegistrationTest - Test Failed:
14:09:42.175 [TestNG-tests-3] INFO  testCases.TC001_AccountRegistrationTest - ***** TC001_AccountRegistrationTest *****
14:09:46.086 [TestNG-tests-1] INFO  testCases.TC001_AccountRegistrationTest - **** Starting TC001_AccountRegistrationTest *****
14:09:46.249 [TestNG-tests-1] INFO  testCases.TC001_AccountRegistrationTest - Clicked on My Account Link
14:09:46.878 [TestNG-tests-1] INFO  testCases.TC001_AccountRegistrationTest - Clicked on My Registration Link
14:09:46.878 [TestNG-tests-1] INFO  testCases.TC001_AccountRegistrationTest - Providinng customer details
14:09:48.172 [TestNG-tests-1] INFO  testCases.TC001_AccountRegistrationTest - Validating expected message
14:09:48.442 [TestNG-tests-1] INFO  testCases.TC001_AccountRegistrationTest - Test Passed
14:09:48.442 [TestNG-tests-1] INFO  testCases.TC001_AccountRegistrationTest - ***** TC001_AccountRegistrationTest *****
14:09:50.297 [TestNG-tests-2] INFO  testCases.TC001_AccountRegistrationTest - **** Starting TC001_AccountRegistrationTest *****
14:09:50.389 [TestNG-tests-2] INFO  testCases.TC001_AccountRegistrationTest - Clicked on My Account Link
14:09:50.814 [TestNG-tests-2] INFO  testCases.TC001_AccountRegistrationTest - Clicked on My Registration Link
14:09:50.827 [TestNG-tests-2] INFO  testCases.TC001_AccountRegistrationTest - Providinng customer details
14:09:52.149 [TestNG-tests-2] INFO  testCases.TC001_AccountRegistrationTest - Validating expected message
14:09:52.219 [TestNG-tests-2] INFO  testCases.TC001_AccountRegistrationTest - Test Passed
14:09:52.220 [TestNG-tests-2] INFO  testCases.TC001_AccountRegistrationTest - ***** TC001_AccountRegistrationTest *****
14:10:52.444 [main] DEBUG org.testng.TestNG - suiteXmlPath: "D:\Automation WorkSpaces\SeleniumWorkspace\OpencartV16.1\crossbrowsertesting.xml"
14:10:52.754 [main] INFO  org.testng.internal.Utils - [TestNG] Running:
  D:\Automation WorkSpaces\SeleniumWorkspace\OpencartV16.1\crossbrowsertesting.xml

14:10:53.108 [TestNG-tests-3] INFO  testCases.TC001_AccountRegistrationTest - **** Starting TC001_AccountRegistrationTest *****
14:10:53.136 [TestNG-tests-3] ERROR testCases.TC001_AccountRegistrationTest - Test Failed:
14:10:53.144 [TestNG-tests-3] INFO  testCases.TC001_AccountRegistrationTest - ***** TC001_AccountRegistrationTest *****
14:10:57.761 [TestNG-tests-2] INFO  testCases.TC001_AccountRegistrationTest - **** Starting TC001_AccountRegistrationTest *****
14:10:57.762 [TestNG-tests-1] INFO  testCases.TC001_AccountRegistrationTest - **** Starting TC001_AccountRegistrationTest *****
14:10:57.855 [TestNG-tests-2] INFO  testCases.TC001_AccountRegistrationTest - Clicked on My Account Link
14:10:57.889 [TestNG-tests-1] INFO  testCases.TC001_AccountRegistrationTest - Clicked on My Account Link
14:11:07.928 [TestNG-tests-2] ERROR testCases.TC001_AccountRegistrationTest - Test Failed:
14:11:07.928 [TestNG-tests-2] INFO  testCases.TC001_AccountRegistrationTest - ***** TC001_AccountRegistrationTest *****
14:11:17.976 [TestNG-tests-1] ERROR testCases.TC001_AccountRegistrationTest - Test Failed:
14:11:17.976 [TestNG-tests-1] INFO  testCases.TC001_AccountRegistrationTest - ***** TC001_AccountRegistrationTest *****
20:08:59.434 [main] DEBUG org.testng.TestNG - suiteXmlPath: "D:\Automation WorkSpaces\SeleniumWorkspace\OpencartV16.1\grid-docker.xml"
20:09:05.301 [main] INFO  org.testng.internal.Utils - [TestNG] Running:
  D:\Automation WorkSpaces\SeleniumWorkspace\OpencartV16.1\grid-docker.xml

20:09:48.244 [main] INFO  testCases.TC001_AccountRegistrationTest - **** Starting TC001_AccountRegistrationTest *****
20:09:49.579 [main] INFO  testCases.TC001_AccountRegistrationTest - Clicked on My Account Link
20:09:54.118 [main] INFO  testCases.TC001_AccountRegistrationTest - Clicked on My Registration Link
20:09:54.156 [main] INFO  testCases.TC001_AccountRegistrationTest - Providinng customer details
20:10:04.192 [main] INFO  testCases.TC001_AccountRegistrationTest - Validating expected message
20:10:04.304 [main] INFO  testCases.TC001_AccountRegistrationTest - Test Passed
20:10:04.305 [main] INFO  testCases.TC001_AccountRegistrationTest - ***** TC001_AccountRegistrationTest *****
20:10:06.333 [main] INFO  testCases.TC002_LoginTest - ***** Starting TC_002_LoginTest ******
20:11:13.722 [main] DEBUG org.testng.TestNG - suiteXmlPath: "D:\Automation WorkSpaces\SeleniumWorkspace\OpencartV16.1\grid-docker.xml"
20:11:14.090 [main] INFO  org.testng.internal.Utils - [TestNG] Running:
  D:\Automation WorkSpaces\SeleniumWorkspace\OpencartV16.1\grid-docker.xml

20:11:17.294 [main] INFO  testCases.TC001_AccountRegistrationTest - **** Starting TC001_AccountRegistrationTest *****
20:11:17.444 [main] INFO  testCases.TC001_AccountRegistrationTest - Clicked on My Account Link
20:11:17.989 [main] INFO  testCases.TC001_AccountRegistrationTest - Clicked on My Registration Link
20:11:17.993 [main] INFO  testCases.TC001_AccountRegistrationTest - Providinng customer details
