01:12:06.758 [main] INFO  testCases.TC003_LoginDDT - ****** TC003_LoginDDT *****
01:12:08.349 [main] INFO  testCases.TC003_LoginDDT - ******** Fnished TC003_LoginDDT **********
01:12:08.352 [main] INFO  testCases.TC003_LoginDDT - ****** TC003_LoginDDT *****
01:12:19.590 [main] INFO  testCases.TC003_LoginDDT - ******** Fnished TC003_LoginDDT **********
01:21:31.083 [main] DEBUG org.testng.TestNG - suiteXmlPath: "D:\Automation WorkSpaces\SeleniumWorkspace\OpencartV16.1\master.xml"
01:21:31.346 [main] INFO  org.testng.internal.Utils - [TestNG] Running:
  D:\Automation WorkSpaces\SeleniumWorkspace\OpencartV16.1\master.xml

01:21:34.175 [main] INFO  testCases.TC001_AccountRegistrationTest - **** Starting TC001_AccountRegistrationTest *****
01:21:34.522 [main] INFO  testCases.TC001_AccountRegistrationTest - Clicked on My Account Link
01:21:34.895 [main] INFO  testCases.TC001_AccountRegistrationTest - Clicked on My Registration Link
01:21:34.898 [main] INFO  testCases.TC001_AccountRegistrationTest - Providinng customer details
01:21:36.214 [main] INFO  testCases.TC001_AccountRegistrationTest - Validating expected message
01:21:36.251 [main] ERROR testCases.TC001_AccountRegistrationTest - Error info
01:21:36.252 [main] DEBUG testCases.TC001_AccountRegistrationTest - debug info
01:21:36.252 [main] INFO  testCases.TC001_AccountRegistrationTest - ***** TC001_AccountRegistrationTest *****
01:21:38.700 [main] INFO  testCases.TC002_LoginTest - ***** Starting TC_002_LoginTest ******
01:23:53.358 [main] DEBUG org.testng.TestNG - suiteXmlPath: "D:\Automation WorkSpaces\SeleniumWorkspace\OpencartV16.1\test-output\testng-failed.xml"
01:23:53.650 [main] INFO  org.testng.internal.Utils - [TestNG] Running:
  D:\Automation WorkSpaces\SeleniumWorkspace\OpencartV16.1\test-output\testng-failed.xml

01:23:56.855 [main] INFO  testCases.TC002_LoginTest - ***** Starting TC_002_LoginTest ******
01:30:29.710 [main] DEBUG org.testng.TestNG - suiteXmlPath: "D:\Automation WorkSpaces\SeleniumWorkspace\OpencartV16.1\master.xml"
01:30:30.010 [main] INFO  org.testng.internal.Utils - [TestNG] Running:
  D:\Automation WorkSpaces\SeleniumWorkspace\OpencartV16.1\master.xml

01:30:32.805 [main] INFO  testCases.TC001_AccountRegistrationTest - **** Starting TC001_AccountRegistrationTest *****
01:30:33.156 [main] INFO  testCases.TC001_AccountRegistrationTest - Clicked on My Account Link
01:30:33.690 [main] INFO  testCases.TC001_AccountRegistrationTest - Clicked on My Registration Link
01:30:33.693 [main] INFO  testCases.TC001_AccountRegistrationTest - Providinng customer details
01:30:34.877 [main] INFO  testCases.TC001_AccountRegistrationTest - Validating expected message
01:30:34.914 [main] ERROR testCases.TC001_AccountRegistrationTest - Error info
01:30:34.914 [main] DEBUG testCases.TC001_AccountRegistrationTest - debug info
01:30:34.914 [main] INFO  testCases.TC001_AccountRegistrationTest - ***** TC001_AccountRegistrationTest *****
01:30:36.987 [main] INFO  testCases.TC002_LoginTest - ***** Starting TC_002_LoginTest ******
01:36:59.894 [main] DEBUG org.testng.TestNG - suiteXmlPath: "D:\Automation WorkSpaces\SeleniumWorkspace\OpencartV16.1\master.xml"
01:37:00.179 [main] INFO  org.testng.internal.Utils - [TestNG] Running:
  D:\Automation WorkSpaces\SeleniumWorkspace\OpencartV16.1\master.xml

01:37:02.945 [main] INFO  testCases.TC001_AccountRegistrationTest - **** Starting TC001_AccountRegistrationTest *****
01:37:03.049 [main] INFO  testCases.TC001_AccountRegistrationTest - Clicked on My Account Link
01:37:03.504 [main] INFO  testCases.TC001_AccountRegistrationTest - Clicked on My Registration Link
01:37:03.506 [main] INFO  testCases.TC001_AccountRegistrationTest - Providinng customer details
01:37:04.699 [main] INFO  testCases.TC001_AccountRegistrationTest - Validating expected message
01:37:04.743 [main] INFO  testCases.TC001_AccountRegistrationTest - ***** TC001_AccountRegistrationTest *****
01:37:07.092 [main] INFO  testCases.TC002_LoginTest - ***** Starting TC_002_LoginTest ******
01:38:15.393 [main] DEBUG org.testng.TestNG - suiteXmlPath: "D:\Automation WorkSpaces\SeleniumWorkspace\OpencartV16.1\master.xml"
01:38:15.683 [main] INFO  org.testng.internal.Utils - [TestNG] Running:
  D:\Automation WorkSpaces\SeleniumWorkspace\OpencartV16.1\master.xml

01:38:18.425 [main] INFO  testCases.TC001_AccountRegistrationTest - **** Starting TC001_AccountRegistrationTest *****
01:38:18.699 [main] INFO  testCases.TC001_AccountRegistrationTest - Clicked on My Account Link
01:38:19.123 [main] INFO  testCases.TC001_AccountRegistrationTest - Clicked on My Registration Link
01:38:19.126 [main] INFO  testCases.TC001_AccountRegistrationTest - Providinng customer details
01:38:20.225 [main] INFO  testCases.TC001_AccountRegistrationTest - Validating expected message
01:38:20.300 [main] INFO  testCases.TC001_AccountRegistrationTest - ***** TC001_AccountRegistrationTest *****
01:38:22.711 [main] INFO  testCases.TC002_LoginTest - ***** Starting TC_002_LoginTest ******
